<?xml version="1.0" encoding="utf-8"?><testsuites name="pytest tests"><testsuite name="pytest" errors="0" failures="0" skipped="0" tests="4" time="0.961" timestamp="2026-05-10T14:07:45.365641+00:00" hostname="runnervmrc6n4"><testcase classname="tests.test_auth" name="test_login_success" time="0.015" /><testcase classname="tests.test_auth" name="test_login_failure" time="0.005" /><testcase classname="tests.test_users" name="test_create_user" time="0.019" /><testcase classname="tests.test_users" name="test_get_users" time="0.008" /></testsuite></testsuites>